<?xml version="1.0" encoding="UTF-8"?>
<!-- Generated by org.testng.reporters.JUnitXMLReporter -->
<testsuite ignored="0" hostname="Users-MacBook-Air.local" failures="1" tests="3" name="Test" time="0.104" errors="0" timestamp="2021-02-21T16:38:39 AMT">
  <testcase classname="Demo.MyApp" name="test1" time="0.005">
    <skipped/>
  </testcase> <!-- test1 -->
  <testcase classname="Demo.MyApp" name="test2" time="0.009">
    <failure type="java.lang.AssertionError" message="expected [false] but found [true]">
      <![CDATA[java.lang.AssertionError: expected [false] but found [true]
at Demo.MyApp.test2(MyApp.java:19)
at java.base/java.util.ArrayList.forEach(ArrayList.java:1540)
... Removed 41 stack frames]]>
    </failure>
  </testcase> <!-- test2 -->
  <testcase classname="Demo.MyApp" name="test3" time="0.001"/>
</testsuite> <!-- Test -->
